<?xml version="1.0" encoding="UTF-8"?>
<!-- Generated by org.testng.reporters.JUnitReportReporter -->
<testsuite hostname="LAPTOP-JEDB5LJD" failures="0" tests="1" name="TestNg_Fail.Facebook" time="8.858" errors="0" timestamp="2023-09-02T11:06:11 IST" skipped="0">
  <testcase classname="TestNg_Fail.Facebook" name="facebook1" time="8.858"/>
  <system-out/>
</testsuite> <!-- TestNg_Fail.Facebook -->
