<?xml version="1.0" encoding="UTF-8"?>
<!-- Generated by org.testng.reporters.JUnitReportReporter -->
<testsuite hostname="LAPTOP-JEDB5LJD" failures="0" tests="3" name="TestNg.DataProvider" time="21.435" errors="0" timestamp="2023-09-02T11:24:07 IST" skipped="0">
  <testcase classname="TestNg.DataProvider" name="demo" time="6.695"/>
  <system-out/>
  <testcase classname="TestNg.DataProvider" name="demo" time="8.354"/>
  <system-out/>
  <testcase classname="TestNg.DataProvider" name="demo" time="6.386"/>
  <system-out/>
</testsuite> <!-- TestNg.DataProvider -->
