<?xml version="1.0" encoding="UTF-8"?>
<!-- Generated by org.testng.reporters.JUnitReportReporter -->
<testsuite hostname="LAPTOP-JEDB5LJD" failures="0" tests="1" name="TestNg_Fail.Amazon" time="11.386" errors="0" timestamp="2023-09-02T11:01:58 IST" skipped="0">
  <testcase classname="TestNg_Fail.Amazon" name="amazon1" time="11.386"/>
  <system-out/>
</testsuite> <!-- TestNg_Fail.Amazon -->
