<?xml version="1.0" encoding="UTF-8"?>
<!-- Generated by org.testng.reporters.JUnitReportReporter -->
<testsuite hostname="LAPTOP-JEDB5LJD" failures="0" tests="1" name="TestNG_Sequential.Amazon" time="18.536" errors="0" timestamp="2023-08-31T11:35:06 IST" skipped="0">
  <testcase classname="TestNG_Sequential.Amazon" name="amazon" time="18.536"/>
  <system-out/>
</testsuite> <!-- TestNG_Sequential.Amazon -->
