<?xml version="1.0" encoding="UTF-8"?>
<!-- Generated by org.testng.reporters.JUnitReportReporter -->
<testsuite hostname="LAPTOP-JEDB5LJD" failures="0" tests="1" name="TestNG_Sequential.Facebook" time="19.870" errors="0" timestamp="2023-08-31T11:35:06 IST" skipped="0">
  <testcase classname="TestNG_Sequential.Facebook" name="fb" time="19.870"/>
  <system-out/>
</testsuite> <!-- TestNG_Sequential.Facebook -->
