<?xml version="1.0" encoding="UTF-8"?>
<!-- Generated by org.testng.reporters.JUnitReportReporter -->
<testsuite hostname="LAPTOP-JEDB5LJD" failures="0" tests="2" name="TestNG_Group.Sample2" time="0.017" errors="0" timestamp="2023-09-01T10:29:03 IST" skipped="0">
  <testcase classname="TestNG_Group.Sample2" name="sample2" time="0.014"/>
  <system-out/>
  <testcase classname="TestNG_Group.Sample2" name="sample3" time="0.003"/>
  <system-out/>
</testsuite> <!-- TestNG_Group.Sample2 -->
