<?xml version="1.0" encoding="UTF-8"?>
<!-- Generated by org.testng.reporters.JUnitReportReporter -->
<testsuite hostname="LAPTOP-JEDB5LJD" failures="0" tests="1" name="TestNG_Distribution.Amazon" time="56.716" errors="0" timestamp="2023-09-01T11:07:31 IST" skipped="0">
  <testcase classname="TestNG_Distribution.Amazon" name="amazon" time="56.716"/>
  <system-out/>
</testsuite> <!-- TestNG_Distribution.Amazon -->
