<?xml version="1.0" encoding="UTF-8"?>
<!-- Generated by org.testng.reporters.JUnitReportReporter -->
<testsuite hostname="LAPTOP-JEDB5LJD" failures="0" tests="2" name="TestNG_Annotation.Annotations" time="18.059" errors="0" timestamp="2023-09-02T10:04:53 IST" skipped="0">
  <testcase classname="TestNG_Annotation.Annotations" name="amazon" time="8.426"/>
  <system-out/>
  <testcase classname="TestNG_Annotation.Annotations" name="fbBrowser" time="9.633"/>
  <system-out/>
</testsuite> <!-- TestNG_Annotation.Annotations -->
