<?xml version="1.0" encoding="UTF-8"?>
<!-- Generated by org.testng.reporters.JUnitReportReporter -->
<testsuite hostname="LAPTOP-JEDB5LJD" failures="0" tests="3" name="TestNg.Priority_Invocation" time="0.022" errors="0" timestamp="2023-08-31T10:57:20 IST" skipped="1">
  <testcase classname="TestNg.Priority_Invocation" name="demo3" time="0.001"/>
  <system-out/>
  <testcase classname="TestNg.Priority_Invocation" name="demo3" time="0.021"/>
  <system-out/>
  <testcase classname="TestNg.Priority_Invocation" name="demo2">
    <skipped/>
  </testcase> <!-- demo2 -->
  <system-out/>
</testsuite> <!-- TestNg.Priority_Invocation -->
